

Microchip MPLAB XC8 Assembler V2.31 build 20201012212115 
                                                                                               Tue Feb 02 15:04:23 2021

Microchip MPLAB XC8 C Compiler v2.31 (Free license) build 20201012212115 Og1 
     1                           	processor	18F27Q43
     2                           	fnconf	rparam,??,?,0
     3                           	pagewidth 120
     4                           	opt	flic
     5                           	psect	idataCOMRAM,global,class=CODE,delta=1,noexec
     6                           	psect	cinit,global,reloc=2,class=CODE,delta=1
     7                           	psect	bssCOMRAM,global,class=COMRAM,space=1,delta=1,lowdata,noexec
     8                           	psect	dataCOMRAM,global,class=COMRAM,space=1,delta=1,lowdata,noexec
     9                           	psect	cstackCOMRAM,global,class=COMRAM,space=1,delta=1,lowdata,noexec
    10                           	psect	text0,global,reloc=2,class=CODE,delta=1
    11                           	psect	text1,global,reloc=2,class=CODE,delta=1
    12                           	psect	text2,global,reloc=2,class=CODE,delta=1
    13                           	psect	text3,global,reloc=2,class=CODE,delta=1
    14                           	psect	text4,global,reloc=2,class=CODE,delta=1
    15                           	psect	text5,global,reloc=2,class=CODE,delta=1
    16                           	psect	text6,global,reloc=2,class=CODE,delta=1
    17                           	psect	intsave_regs,global,class=BIGRAM,space=1,delta=1,noexec
    18                           	psect	rparam,global,class=COMRAM,space=1,delta=1,noexec
    19                           	psect	idloc,global,abs,ovrld,class=IDLOC,space=5,delta=1,noexec
    20                           	psect	config,global,abs,ovrld,class=CONFIG,space=4,delta=1,noexec
    21  0000                     
    22                           ; Version 2.30
    23                           ; Generated 20/08/2020 GMT
    24                           ; 
    25                           ; Copyright © 2020, Microchip Technology Inc. and its subsidiaries ("Microchip")
    26                           ; All rights reserved.
    27                           ; 
    28                           ; This software is developed by Microchip Technology Inc. and its subsidiaries ("Microch
      +                          ip").
    29                           ; 
    30                           ; Redistribution and use in source and binary forms, with or without modification, are
    31                           ; permitted provided that the following conditions are met:
    32                           ; 
    33                           ;     1. Redistributions of source code must retain the above copyright notice, this lis
      +                          t of
    34                           ;        conditions and the following disclaimer.
    35                           ; 
    36                           ;     2. Redistributions in binary form must reproduce the above copyright notice, this 
      +                          list
    37                           ;        of conditions and the following disclaimer in the documentation and/or other
    38                           ;        materials provided with the distribution. Publication is not required when
    39                           ;        this file is used in an embedded application.
    40                           ; 
    41                           ;     3. Microchip's name may not be used to endorse or promote products derived from th
      +                          is
    42                           ;        software without specific prior written permission.
    43                           ; 
    44                           ; THIS SOFTWARE IS PROVIDED BY MICROCHIP "AS IS" AND ANY EXPRESS OR IMPLIED WARRANTIES,
    45                           ; INCLUDING, BUT NOT LIMITED TO, THE IMPLIED WARRANTIES OF MERCHANTABILITY AND FITNESS F
      +                          OR
    46                           ; PURPOSE ARE DISCLAIMED.  IN NO EVENT SHALL MICROCHIP BE LIABLE FOR ANY DIRECT, INDIREC
      +                          T,
    47                           ; INCIDENTAL, SPECIAL, EXEMPLARY, OR CONSEQUENTIAL DAMAGES (INCLUDING BUT NOT LIMITED TO
    48                           ; PROCUREMENT OF SUBSTITUTE GOODS OR SERVICES; LOSS OF USE, DATA OR PROFITS; OR BUSINESS
    49                           ; INTERRUPTION) HOWSOEVER CAUSED AND ON ANY THEORY OF LIABILITY, WHETHER IN CONTRACT, ST
      +                          RICT
    50                           ; LIABILITY, OR TORT (INCLUDING NEGLIGENCE OR OTHERWISE) ARISING IN ANY WAY OUT OF THE U
      +                          SE OF
    51                           ; THIS SOFTWARE, EVEN IF ADVISED OF THE POSSIBILITY OF SUCH DAMAGE.
    52                           ; 
    53                           ; 
    54                           ; Code-generator required, PIC18F27Q43 Definitions
    55                           ; 
    56                           ; SFR Addresses
    57  0000                     
    58                           	psect	idataCOMRAM
    59  01FF2F                     __pidataCOMRAM:
    60                           	callstack 0
    61                           
    62                           ;initializer for UserAppRun@u8Counter
    63  01FF2F  80                 	db	128
    64  0000                     _ANSELA	set	1024
    65  0000                     _TRISA	set	1222
    66  0000                     _LATA	set	1214
    67                           
    68                           ; #config settings
    69                           
    70                           	psect	cinit
    71  01FF8A                     __pcinit:
    72                           	callstack 0
    73  01FF8A                     start_initialization:
    74                           	callstack 0
    75  01FF8A                     __initialization:
    76                           	callstack 0
    77                           
    78                           ; Initialize objects allocated to COMRAM (1 bytes)
    79                           ; load TBLPTR registers with __pidataCOMRAM
    80  01FF8A  0E2F               	movlw	low __pidataCOMRAM
    81  01FF8C  6EF6               	movwf	tblptrl,c
    82  01FF8E  0EFF               	movlw	high __pidataCOMRAM
    83  01FF90  6EF7               	movwf	tblptrh,c
    84  01FF92  0E01               	movlw	low (__pidataCOMRAM shr (0+16))
    85  01FF94  6EF8               	movwf	tblptru,c
    86  01FF96  0009               	tblrd		*+	;fetch initializer
    87  01FF98  0061 F3D4  F510    	movff	tablat,__pdataCOMRAM
    88                           
    89                           ; Clear objects allocated to COMRAM (13 bytes)
    90  01FF9E  EE01  F101         	lfsr	0,__pbssCOMRAM
    91  01FFA2  0E0D               	movlw	13
    92  01FFA4                     clear_0:
    93  01FFA4  6AEE               	clrf	postinc0,c
    94  01FFA6  06E8               	decf	wreg,f,c
    95  01FFA8  E1FD               	bnz	clear_0
    96  01FFAA                     end_of_initialization:
    97                           	callstack 0
    98  01FFAA                     __end_of__initialization:
    99                           	callstack 0
   100  01FFAA  0100               	movlb	0
   101  01FFAC  EFB4  F0FF         	goto	_main	;jump to C main() function
   102                           
   103                           	psect	bssCOMRAM
   104  000501                     __pbssCOMRAM:
   105                           	callstack 0
   106  000501                     _G_u32SystemFlags:
   107                           	callstack 0
   108  000501                     	ds	4
   109  000505                     _G_u32SystemTime1s:
   110                           	callstack 0
   111  000505                     	ds	4
   112  000509                     _G_u32SystemTime1ms:
   113                           	callstack 0
   114  000509                     	ds	4
   115  00050D                     _G_u8UserAppFlags:
   116                           	callstack 0
   117  00050D                     	ds	1
   118                           
   119                           	psect	dataCOMRAM
   120  000510                     __pdataCOMRAM:
   121                           	callstack 0
   122  000510                     UserAppRun@u8Counter:
   123                           	callstack 0
   124  000510                     	ds	1
   125                           
   126                           	psect	cstackCOMRAM
   127  00050E                     __pcstackCOMRAM:
   128                           	callstack 0
   129  00050E                     ??_UserAppRun:
   130  00050E                     
   131                           ; 1 bytes @ 0x0
   132  00050E                     	ds	2
   133  000510                     
   134                           ; 1 bytes @ 0x2
   135 ;;
   136 ;;Main: autosize = 0, tempsize = 0, incstack = 0, save=0
   137 ;;
   138 ;; *************** function _main *****************
   139 ;; Defined at:
   140 ;;		line 35 in file "main.c"
   141 ;; Parameters:    Size  Location     Type
   142 ;;		None
   143 ;; Auto vars:     Size  Location     Type
   144 ;;		None
   145 ;; Return value:  Size  Location     Type
   146 ;;                  1    wreg      void 
   147 ;; Registers used:
   148 ;;		wreg, status,2, status,0, cstack
   149 ;; Tracked objects:
   150 ;;		On entry : 0/0
   151 ;;		On exit  : 0/0
   152 ;;		Unchanged: 0/0
   153 ;; Data sizes:     COMRAM   BANK5   BANK6   BANK7   BANK8   BANK9  BANK10  BANK11  BANK12  BANK13  BANK14  BANK15  BANK1
      +6  BANK17  BANK18  BANK19  BANK20  BANK21  BANK22  BANK23  BANK24  BANK25  BANK26  BANK27  BANK28  BANK29  BANK30  BANK3
      +1  BANK32  BANK33  BANK34  BANK35  BANK36  BANK37
   154 ;;      Params:         0       0       0       0       0       0       0       0       0       0       0       0       
      +0       0       0       0       0       0       0       0       0       0       0       0       0       0       0       
      +0       0       0       0       0       0       0
   155 ;;      Locals:         0       0       0       0       0       0       0       0       0       0       0       0       
      +0       0       0       0       0       0       0       0       0       0       0       0       0       0       0       
      +0       0       0       0       0       0       0
   156 ;;      Temps:          0       0       0       0       0       0       0       0       0       0       0       0       
      +0       0       0       0       0       0       0       0       0       0       0       0       0       0       0       
      +0       0       0       0       0       0       0
   157 ;;      Totals:         0       0       0       0       0       0       0       0       0       0       0       0       
      +0       0       0       0       0       0       0       0       0       0       0       0       0       0       0       
      +0       0       0       0       0       0       0
   158 ;;Total ram usage:        0 bytes
   159 ;; Hardware stack levels required when called:    1
   160 ;; This function calls:
   161 ;;		_ClockSetup
   162 ;;		_GpioSetup
   163 ;;		_SysTickSetup
   164 ;;		_SystemSleep
   165 ;;		_UserAppInitialize
   166 ;;		_UserAppRun
   167 ;; This function is called by:
   168 ;;		Startup code after reset
   169 ;; This function uses a non-reentrant model
   170 ;;
   171                           
   172                           	psect	text0
   173  01FF68                     __ptext0:
   174                           	callstack 0
   175  01FF68                     _main:
   176                           	callstack 127
   177  01FF68                     
   178                           ;main.c: 37:   G_u32SystemFlags |= (u32)0x80000000;
   179  01FF68  8E04               	bsf	(_G_u32SystemFlags+3)^(0+1280),7,c	;volatile
   180  01FF6A                     
   181                           ;main.c: 40:   ClockSetup();
   182  01FF6A  EC98  F0FF         	call	_ClockSetup	;wreg free
   183  01FF6E                     
   184                           ;main.c: 41:   SysTickSetup();
   185  01FF6E  ECA3  F0FF         	call	_SysTickSetup	;wreg free
   186  01FF72                     
   187                           ;main.c: 42:   GpioSetup();
   188  01FF72  EC9B  F0FF         	call	_GpioSetup	;wreg free
   189  01FF76                     
   190                           ;main.c: 47:   UserAppInitialize();
   191  01FF76  EC9A  F0FF         	call	_UserAppInitialize	;wreg free
   192  01FF7A                     l782:
   193                           
   194                           ;main.c: 53:   {;main.c: 57:     UserAppRun();
   195  01FF7A  ECD8  F0FF         	call	_UserAppRun	;wreg free
   196  01FF7E                     
   197                           ;main.c: 62:     SystemSleep();
   198  01FF7E  EC99  F0FF         	call	_SystemSleep	;wreg free
   199  01FF82  EFBD  F0FF         	goto	l782
   200  01FF86  EFFE  F0FF         	goto	start
   201  01FF8A                     __end_of_main:
   202                           	callstack 0
   203                           
   204 ;; *************** function _UserAppRun *****************
   205 ;; Defined at:
   206 ;;		line 95 in file "user_app.c"
   207 ;; Parameters:    Size  Location     Type
   208 ;;		None
   209 ;; Auto vars:     Size  Location     Type
   210 ;;		None
   211 ;; Return value:  Size  Location     Type
   212 ;;                  1    wreg      void 
   213 ;; Registers used:
   214 ;;		wreg, status,2, status,0
   215 ;; Tracked objects:
   216 ;;		On entry : 0/0
   217 ;;		On exit  : 0/0
   218 ;;		Unchanged: 0/0
   219 ;; Data sizes:     COMRAM   BANK5   BANK6   BANK7   BANK8   BANK9  BANK10  BANK11  BANK12  BANK13  BANK14  BANK15  BANK1
      +6  BANK17  BANK18  BANK19  BANK20  BANK21  BANK22  BANK23  BANK24  BANK25  BANK26  BANK27  BANK28  BANK29  BANK30  BANK3
      +1  BANK32  BANK33  BANK34  BANK35  BANK36  BANK37
   220 ;;      Params:         0       0       0       0       0       0       0       0       0       0       0       0       
      +0       0       0       0       0       0       0       0       0       0       0       0       0       0       0       
      +0       0       0       0       0       0       0
   221 ;;      Locals:         0       0       0       0       0       0       0       0       0       0       0       0       
      +0       0       0       0       0       0       0       0       0       0       0       0       0       0       0       
      +0       0       0       0       0       0       0
   222 ;;      Temps:          2       0       0       0       0       0       0       0       0       0       0       0       
      +0       0       0       0       0       0       0       0       0       0       0       0       0       0       0       
      +0       0       0       0       0       0       0
   223 ;;      Totals:         2       0       0       0       0       0       0       0       0       0       0       0       
      +0       0       0       0       0       0       0       0       0       0       0       0       0       0       0       
      +0       0       0       0       0       0       0
   224 ;;Total ram usage:        2 bytes
   225 ;; Hardware stack levels used:    1
   226 ;; This function calls:
   227 ;;		Nothing
   228 ;; This function is called by:
   229 ;;		_main
   230 ;; This function uses a non-reentrant model
   231 ;;
   232                           
   233                           	psect	text1
   234  01FFB0                     __ptext1:
   235                           	callstack 0
   236  01FFB0                     _UserAppRun:
   237                           	callstack 127
   238  01FFB0                     
   239                           ;user_app.c: 97:     static u8 u8Counter = 0x80;;user_app.c: 98:     while(u8Counter < 0
      +                          xBF)
   240  01FFB0  EFF5  F0FF         	goto	l754
   241  01FFB4                     l63:
   242                           
   243                           ;user_app.c: 99:     {;user_app.c: 100:         LATA = u8Counter;
   244  01FFB4  0061  F440  F4BE   	movff	UserAppRun@u8Counter,1214	;volatile
   245  01FFBA                     
   246                           ;user_app.c: 101:         _delay(2500000);
   247  01FFBA  0E0D               	movlw	13
   248  01FFBC  6E0F               	movwf	(??_UserAppRun+1)^(0+1280),c
   249  01FFBE  0EAF               	movlw	175
   250  01FFC0  6E0E               	movwf	??_UserAppRun^(0+1280),c
   251  01FFC2  0EB6               	movlw	182
   252  01FFC4                     u37:
   253  01FFC4  2EE8               	decfsz	wreg,f,c
   254  01FFC6  D7FE               	bra	u37
   255  01FFC8  2E0E               	decfsz	??_UserAppRun^(0+1280),f,c
   256  01FFCA  D7FC               	bra	u37
   257  01FFCC  2E0F               	decfsz	(??_UserAppRun+1)^(0+1280),f,c
   258  01FFCE  D7FA               	bra	u37
   259  01FFD0  D000               	nop2	
   260  01FFD2                     
   261                           ;user_app.c: 102:         u8Counter++;
   262  01FFD2  2A10               	incf	UserAppRun@u8Counter^(0+1280),f,c
   263                           
   264                           ;user_app.c: 103:         if(u8Counter == 0xBF)
   265  01FFD4  0EBF               	movlw	191
   266  01FFD6  1810               	xorwf	UserAppRun@u8Counter^(0+1280),w,c
   267  01FFD8  A4D8               	btfss	status,2,c
   268  01FFDA  EFF1  F0FF         	goto	u11
   269  01FFDE  EFF3  F0FF         	goto	u10
   270  01FFE2                     u11:
   271  01FFE2  EFF5  F0FF         	goto	l754
   272  01FFE6                     u10:
   273  01FFE6                     
   274                           ;user_app.c: 104:         {;user_app.c: 105:             u8Counter = 0x80;
   275  01FFE6  0E80               	movlw	128
   276  01FFE8  6E10               	movwf	UserAppRun@u8Counter^(0+1280),c
   277  01FFEA                     l754:
   278                           
   279                           ;user_app.c: 98:     while(u8Counter < 0xBF)
   280  01FFEA  0EBE               	movlw	190
   281  01FFEC  6410               	cpfsgt	UserAppRun@u8Counter^(0+1280),c
   282  01FFEE  EFFB  F0FF         	goto	u21
   283  01FFF2  EFFD  F0FF         	goto	u20
   284  01FFF6                     u21:
   285  01FFF6  EFDA  F0FF         	goto	l63
   286  01FFFA                     u20:
   287  01FFFA  0012               	return		;funcret
   288  01FFFC                     __end_of_UserAppRun:
   289                           	callstack 0
   290                           
   291 ;; *************** function _UserAppInitialize *****************
   292 ;; Defined at:
   293 ;;		line 76 in file "user_app.c"
   294 ;; Parameters:    Size  Location     Type
   295 ;;		None
   296 ;; Auto vars:     Size  Location     Type
   297 ;;		None
   298 ;; Return value:  Size  Location     Type
   299 ;;                  1    wreg      void 
   300 ;; Registers used:
   301 ;;		None
   302 ;; Tracked objects:
   303 ;;		On entry : 0/0
   304 ;;		On exit  : 0/0
   305 ;;		Unchanged: 0/0
   306 ;; Data sizes:     COMRAM   BANK5   BANK6   BANK7   BANK8   BANK9  BANK10  BANK11  BANK12  BANK13  BANK14  BANK15  BANK1
      +6  BANK17  BANK18  BANK19  BANK20  BANK21  BANK22  BANK23  BANK24  BANK25  BANK26  BANK27  BANK28  BANK29  BANK30  BANK3
      +1  BANK32  BANK33  BANK34  BANK35  BANK36  BANK37
   307 ;;      Params:         0       0       0       0       0       0       0       0       0       0       0       0       
      +0       0       0       0       0       0       0       0       0       0       0       0       0       0       0       
      +0       0       0       0       0       0       0
   308 ;;      Locals:         0       0       0       0       0       0       0       0       0       0       0       0       
      +0       0       0       0       0       0       0       0       0       0       0       0       0       0       0       
      +0       0       0       0       0       0       0
   309 ;;      Temps:          0       0       0       0       0       0       0       0       0       0       0       0       
      +0       0       0       0       0       0       0       0       0       0       0       0       0       0       0       
      +0       0       0       0       0       0       0
   310 ;;      Totals:         0       0       0       0       0       0       0       0       0       0       0       0       
      +0       0       0       0       0       0       0       0       0       0       0       0       0       0       0       
      +0       0       0       0       0       0       0
   311 ;;Total ram usage:        0 bytes
   312 ;; Hardware stack levels used:    1
   313 ;; This function calls:
   314 ;;		Nothing
   315 ;; This function is called by:
   316 ;;		_main
   317 ;; This function uses a non-reentrant model
   318 ;;
   319                           
   320                           	psect	text2
   321  01FF34                     __ptext2:
   322                           	callstack 0
   323  01FF34                     _UserAppInitialize:
   324                           	callstack 127
   325  01FF34  0012               	return		;funcret
   326  01FF36                     __end_of_UserAppInitialize:
   327                           	callstack 0
   328                           
   329 ;; *************** function _SystemSleep *****************
   330 ;; Defined at:
   331 ;;		line 131 in file "encm369_pic18.c"
   332 ;; Parameters:    Size  Location     Type
   333 ;;		None
   334 ;; Auto vars:     Size  Location     Type
   335 ;;		None
   336 ;; Return value:  Size  Location     Type
   337 ;;                  1    wreg      void 
   338 ;; Registers used:
   339 ;;		None
   340 ;; Tracked objects:
   341 ;;		On entry : 0/0
   342 ;;		On exit  : 0/0
   343 ;;		Unchanged: 0/0
   344 ;; Data sizes:     COMRAM   BANK5   BANK6   BANK7   BANK8   BANK9  BANK10  BANK11  BANK12  BANK13  BANK14  BANK15  BANK1
      +6  BANK17  BANK18  BANK19  BANK20  BANK21  BANK22  BANK23  BANK24  BANK25  BANK26  BANK27  BANK28  BANK29  BANK30  BANK3
      +1  BANK32  BANK33  BANK34  BANK35  BANK36  BANK37
   345 ;;      Params:         0       0       0       0       0       0       0       0       0       0       0       0       
      +0       0       0       0       0       0       0       0       0       0       0       0       0       0       0       
      +0       0       0       0       0       0       0
   346 ;;      Locals:         0       0       0       0       0       0       0       0       0       0       0       0       
      +0       0       0       0       0       0       0       0       0       0       0       0       0       0       0       
      +0       0       0       0       0       0       0
   347 ;;      Temps:          0       0       0       0       0       0       0       0       0       0       0       0       
      +0       0       0       0       0       0       0       0       0       0       0       0       0       0       0       
      +0       0       0       0       0       0       0
   348 ;;      Totals:         0       0       0       0       0       0       0       0       0       0       0       0       
      +0       0       0       0       0       0       0       0       0       0       0       0       0       0       0       
      +0       0       0       0       0       0       0
   349 ;;Total ram usage:        0 bytes
   350 ;; Hardware stack levels used:    1
   351 ;; This function calls:
   352 ;;		Nothing
   353 ;; This function is called by:
   354 ;;		_main
   355 ;; This function uses a non-reentrant model
   356 ;;
   357                           
   358                           	psect	text3
   359  01FF32                     __ptext3:
   360                           	callstack 0
   361  01FF32                     _SystemSleep:
   362                           	callstack 127
   363  01FF32  0012               	return		;funcret
   364  01FF34                     __end_of_SystemSleep:
   365                           	callstack 0
   366                           
   367 ;; *************** function _SysTickSetup *****************
   368 ;; Defined at:
   369 ;;		line 109 in file "encm369_pic18.c"
   370 ;; Parameters:    Size  Location     Type
   371 ;;		None
   372 ;; Auto vars:     Size  Location     Type
   373 ;;		None
   374 ;; Return value:  Size  Location     Type
   375 ;;                  1    wreg      void 
   376 ;; Registers used:
   377 ;;		wreg, status,2
   378 ;; Tracked objects:
   379 ;;		On entry : 0/0
   380 ;;		On exit  : 0/0
   381 ;;		Unchanged: 0/0
   382 ;; Data sizes:     COMRAM   BANK5   BANK6   BANK7   BANK8   BANK9  BANK10  BANK11  BANK12  BANK13  BANK14  BANK15  BANK1
      +6  BANK17  BANK18  BANK19  BANK20  BANK21  BANK22  BANK23  BANK24  BANK25  BANK26  BANK27  BANK28  BANK29  BANK30  BANK3
      +1  BANK32  BANK33  BANK34  BANK35  BANK36  BANK37
   383 ;;      Params:         0       0       0       0       0       0       0       0       0       0       0       0       
      +0       0       0       0       0       0       0       0       0       0       0       0       0       0       0       
      +0       0       0       0       0       0       0
   384 ;;      Locals:         0       0       0       0       0       0       0       0       0       0       0       0       
      +0       0       0       0       0       0       0       0       0       0       0       0       0       0       0       
      +0       0       0       0       0       0       0
   385 ;;      Temps:          0       0       0       0       0       0       0       0       0       0       0       0       
      +0       0       0       0       0       0       0       0       0       0       0       0       0       0       0       
      +0       0       0       0       0       0       0
   386 ;;      Totals:         0       0       0       0       0       0       0       0       0       0       0       0       
      +0       0       0       0       0       0       0       0       0       0       0       0       0       0       0       
      +0       0       0       0       0       0       0
   387 ;;Total ram usage:        0 bytes
   388 ;; Hardware stack levels used:    1
   389 ;; This function calls:
   390 ;;		Nothing
   391 ;; This function is called by:
   392 ;;		_main
   393 ;; This function uses a non-reentrant model
   394 ;;
   395                           
   396                           	psect	text4
   397  01FF46                     __ptext4:
   398                           	callstack 0
   399  01FF46                     _SysTickSetup:
   400                           	callstack 127
   401  01FF46                     
   402                           ;encm369_pic18.c: 111:   G_u32SystemTime1ms = 0;
   403  01FF46  0E00               	movlw	0
   404  01FF48  6E09               	movwf	_G_u32SystemTime1ms^(0+1280),c	;volatile
   405  01FF4A  0E00               	movlw	0
   406  01FF4C  6E0A               	movwf	(_G_u32SystemTime1ms+1)^(0+1280),c	;volatile
   407  01FF4E  0E00               	movlw	0
   408  01FF50  6E0B               	movwf	(_G_u32SystemTime1ms+2)^(0+1280),c	;volatile
   409  01FF52  0E00               	movlw	0
   410  01FF54  6E0C               	movwf	(_G_u32SystemTime1ms+3)^(0+1280),c	;volatile
   411                           
   412                           ;encm369_pic18.c: 112:   G_u32SystemTime1s = 0;
   413  01FF56  0E00               	movlw	0
   414  01FF58  6E05               	movwf	_G_u32SystemTime1s^(0+1280),c	;volatile
   415  01FF5A  0E00               	movlw	0
   416  01FF5C  6E06               	movwf	(_G_u32SystemTime1s+1)^(0+1280),c	;volatile
   417  01FF5E  0E00               	movlw	0
   418  01FF60  6E07               	movwf	(_G_u32SystemTime1s+2)^(0+1280),c	;volatile
   419  01FF62  0E00               	movlw	0
   420  01FF64  6E08               	movwf	(_G_u32SystemTime1s+3)^(0+1280),c	;volatile
   421  01FF66  0012               	return		;funcret
   422  01FF68                     __end_of_SysTickSetup:
   423                           	callstack 0
   424                           
   425 ;; *************** function _GpioSetup *****************
   426 ;; Defined at:
   427 ;;		line 89 in file "encm369_pic18.c"
   428 ;; Parameters:    Size  Location     Type
   429 ;;		None
   430 ;; Auto vars:     Size  Location     Type
   431 ;;		None
   432 ;; Return value:  Size  Location     Type
   433 ;;                  1    wreg      void 
   434 ;; Registers used:
   435 ;;		wreg, status,2
   436 ;; Tracked objects:
   437 ;;		On entry : 0/0
   438 ;;		On exit  : 0/0
   439 ;;		Unchanged: 0/0
   440 ;; Data sizes:     COMRAM   BANK5   BANK6   BANK7   BANK8   BANK9  BANK10  BANK11  BANK12  BANK13  BANK14  BANK15  BANK1
      +6  BANK17  BANK18  BANK19  BANK20  BANK21  BANK22  BANK23  BANK24  BANK25  BANK26  BANK27  BANK28  BANK29  BANK30  BANK3
      +1  BANK32  BANK33  BANK34  BANK35  BANK36  BANK37
   441 ;;      Params:         0       0       0       0       0       0       0       0       0       0       0       0       
      +0       0       0       0       0       0       0       0       0       0       0       0       0       0       0       
      +0       0       0       0       0       0       0
   442 ;;      Locals:         0       0       0       0       0       0       0       0       0       0       0       0       
      +0       0       0       0       0       0       0       0       0       0       0       0       0       0       0       
      +0       0       0       0       0       0       0
   443 ;;      Temps:          0       0       0       0       0       0       0       0       0       0       0       0       
      +0       0       0       0       0       0       0       0       0       0       0       0       0       0       0       
      +0       0       0       0       0       0       0
   444 ;;      Totals:         0       0       0       0       0       0       0       0       0       0       0       0       
      +0       0       0       0       0       0       0       0       0       0       0       0       0       0       0       
      +0       0       0       0       0       0       0
   445 ;;Total ram usage:        0 bytes
   446 ;; Hardware stack levels used:    1
   447 ;; This function calls:
   448 ;;		Nothing
   449 ;; This function is called by:
   450 ;;		_main
   451 ;; This function uses a non-reentrant model
   452 ;;
   453                           
   454                           	psect	text5
   455  01FF36                     __ptext5:
   456                           	callstack 0
   457  01FF36                     _GpioSetup:
   458                           	callstack 127
   459  01FF36                     
   460                           ;encm369_pic18.c: 91:   LATA = 0x00;
   461  01FF36  0E00               	movlw	0
   462  01FF38  6EBE               	movwf	190,c	;volatile
   463                           
   464                           ;encm369_pic18.c: 92:   ANSELA = 0x00;
   465  01FF3A  0E00               	movlw	0
   466  01FF3C  0104               	movlb	4	; () banked
   467  01FF3E  6F00               	movwf	0,b	;volatile
   468                           
   469                           ;encm369_pic18.c: 93:   TRISA = 0x00;
   470  01FF40  0E00               	movlw	0
   471  01FF42  6EC6               	movwf	198,c	;volatile
   472  01FF44                     
   473                           ; BSR set to: 4
   474  01FF44  0012               	return		;funcret
   475  01FF46                     __end_of_GpioSetup:
   476                           	callstack 0
   477                           
   478 ;; *************** function _ClockSetup *****************
   479 ;; Defined at:
   480 ;;		line 70 in file "encm369_pic18.c"
   481 ;; Parameters:    Size  Location     Type
   482 ;;		None
   483 ;; Auto vars:     Size  Location     Type
   484 ;;		None
   485 ;; Return value:  Size  Location     Type
   486 ;;                  1    wreg      void 
   487 ;; Registers used:
   488 ;;		None
   489 ;; Tracked objects:
   490 ;;		On entry : 0/0
   491 ;;		On exit  : 0/0
   492 ;;		Unchanged: 0/0
   493 ;; Data sizes:     COMRAM   BANK5   BANK6   BANK7   BANK8   BANK9  BANK10  BANK11  BANK12  BANK13  BANK14  BANK15  BANK1
      +6  BANK17  BANK18  BANK19  BANK20  BANK21  BANK22  BANK23  BANK24  BANK25  BANK26  BANK27  BANK28  BANK29  BANK30  BANK3
      +1  BANK32  BANK33  BANK34  BANK35  BANK36  BANK37
   494 ;;      Params:         0       0       0       0       0       0       0       0       0       0       0       0       
      +0       0       0       0       0       0       0       0       0       0       0       0       0       0       0       
      +0       0       0       0       0       0       0
   495 ;;      Locals:         0       0       0       0       0       0       0       0       0       0       0       0       
      +0       0       0       0       0       0       0       0       0       0       0       0       0       0       0       
      +0       0       0       0       0       0       0
   496 ;;      Temps:          0       0       0       0       0       0       0       0       0       0       0       0       
      +0       0       0       0       0       0       0       0       0       0       0       0       0       0       0       
      +0       0       0       0       0       0       0
   497 ;;      Totals:         0       0       0       0       0       0       0       0       0       0       0       0       
      +0       0       0       0       0       0       0       0       0       0       0       0       0       0       0       
      +0       0       0       0       0       0       0
   498 ;;Total ram usage:        0 bytes
   499 ;; Hardware stack levels used:    1
   500 ;; This function calls:
   501 ;;		Nothing
   502 ;; This function is called by:
   503 ;;		_main
   504 ;; This function uses a non-reentrant model
   505 ;;
   506                           
   507                           	psect	text6
   508  01FF30                     __ptext6:
   509                           	callstack 0
   510  01FF30                     _ClockSetup:
   511                           	callstack 127
   512  01FF30  0012               	return		;funcret
   513  01FF32                     __end_of_ClockSetup:
   514                           	callstack 0
   515  0000                     
   516                           	psect	rparam
   517  0000                     
   518                           	psect	idloc
   519                           
   520                           ;Config register IDLOC0 @ 0x200000
   521                           ;	unspecified, using default values
   522  200000                     	org	2097152
   523  200000  0FFF               	dw	4095
   524                           
   525                           ;Config register IDLOC1 @ 0x200002
   526                           ;	unspecified, using default values
   527  200002                     	org	2097154
   528  200002  0FFF               	dw	4095
   529                           
   530                           ;Config register IDLOC2 @ 0x200004
   531                           ;	unspecified, using default values
   532  200004                     	org	2097156
   533  200004  0FFF               	dw	4095
   534                           
   535                           ;Config register IDLOC3 @ 0x200006
   536                           ;	unspecified, using default values
   537  200006                     	org	2097158
   538  200006  0FFF               	dw	4095
   539                           
   540                           ;Config register IDLOC4 @ 0x200008
   541                           ;	unspecified, using default values
   542  200008                     	org	2097160
   543  200008  0FFF               	dw	4095
   544                           
   545                           ;Config register IDLOC5 @ 0x20000A
   546                           ;	unspecified, using default values
   547  20000A                     	org	2097162
   548  20000A  0FFF               	dw	4095
   549                           
   550                           ;Config register IDLOC6 @ 0x20000C
   551                           ;	unspecified, using default values
   552  20000C                     	org	2097164
   553  20000C  0FFF               	dw	4095
   554                           
   555                           ;Config register IDLOC7 @ 0x20000E
   556                           ;	unspecified, using default values
   557  20000E                     	org	2097166
   558  20000E  0FFF               	dw	4095
   559                           
   560                           ;Config register IDLOC8 @ 0x200010
   561                           ;	unspecified, using default values
   562  200010                     	org	2097168
   563  200010  0FFF               	dw	4095
   564                           
   565                           ;Config register IDLOC9 @ 0x200012
   566                           ;	unspecified, using default values
   567  200012                     	org	2097170
   568  200012  0FFF               	dw	4095
   569                           
   570                           ;Config register IDLOC10 @ 0x200014
   571                           ;	unspecified, using default values
   572  200014                     	org	2097172
   573  200014  0FFF               	dw	4095
   574                           
   575                           ;Config register IDLOC11 @ 0x200016
   576                           ;	unspecified, using default values
   577  200016                     	org	2097174
   578  200016  0FFF               	dw	4095
   579                           
   580                           ;Config register IDLOC12 @ 0x200018
   581                           ;	unspecified, using default values
   582  200018                     	org	2097176
   583  200018  0FFF               	dw	4095
   584                           
   585                           ;Config register IDLOC13 @ 0x20001A
   586                           ;	unspecified, using default values
   587  20001A                     	org	2097178
   588  20001A  0FFF               	dw	4095
   589                           
   590                           ;Config register IDLOC14 @ 0x20001C
   591                           ;	unspecified, using default values
   592  20001C                     	org	2097180
   593  20001C  0FFF               	dw	4095
   594                           
   595                           ;Config register IDLOC15 @ 0x20001E
   596                           ;	unspecified, using default values
   597  20001E                     	org	2097182
   598  20001E  0FFF               	dw	4095
   599                           
   600                           	psect	config
   601                           
   602                           ;Config register CONFIG1 @ 0x300000
   603                           ;	External Oscillator Selection
   604                           ;	FEXTOSC = OFF, Oscillator not enabled
   605                           ;	Reset Oscillator Selection
   606                           ;	RSTOSC = HFINTOSC_64MHZ, HFINTOSC with HFFRQ = 64 MHz and CDIV = 1:1
   607  300000                     	org	3145728
   608  300000  8C                 	db	140
   609                           
   610                           ;Config register CONFIG2 @ 0x300001
   611                           ;	Clock out Enable bit
   612                           ;	CLKOUTEN = ON, CLKOUT function is enabled
   613                           ;	PRLOCKED One-Way Set Enable bit
   614                           ;	PR1WAY = ON, PRLOCKED bit can be cleared and set only once
   615                           ;	Clock Switch Enable bit
   616                           ;	CSWEN = ON, Writing to NOSC and NDIV is allowed
   617                           ;	Fail-Safe Clock Monitor Enable bit
   618                           ;	FCMEN = ON, Fail-Safe Clock Monitor enabled
   619  300001                     	org	3145729
   620  300001  FE                 	db	254
   621                           
   622                           ;Config register CONFIG3 @ 0x300002
   623                           ;	MCLR Enable bit
   624                           ;	MCLRE = EXTMCLR, If LVP = 0, MCLR pin is MCLR; If LVP = 1, RE3 pin function is MCLR
   625                           ;	Power-up timer selection bits
   626                           ;	PWRTS = PWRT_OFF, PWRT is disabled
   627                           ;	Multi-vector enable bit
   628                           ;	MVECEN = ON, Multi-vector enabled, Vector table used for interrupts
   629                           ;	IVTLOCK bit One-way set enable bit
   630                           ;	IVT1WAY = ON, IVTLOCKED bit can be cleared and set only once
   631                           ;	Low Power BOR Enable bit
   632                           ;	LPBOREN = OFF, Low-Power BOR disabled
   633                           ;	Brown-out Reset Enable bits
   634                           ;	BOREN = SBORDIS, Brown-out Reset enabled , SBOREN bit is ignored
   635  300002                     	org	3145730
   636  300002  FF                 	db	255
   637                           
   638                           ;Config register CONFIG4 @ 0x300003
   639                           ;	Brown-out Reset Voltage Selection bits
   640                           ;	BORV = VBOR_2P85, Brown-out Reset Voltage (VBOR) set to 2.8V
   641                           ;	ZCD Disable bit
   642                           ;	ZCD = OFF, ZCD module is disabled. ZCD can be enabled by setting the ZCDSEN bit of ZCD
      +                          CON
   643                           ;	PPSLOCK bit One-Way Set Enable bit
   644                           ;	PPS1WAY = ON, PPSLOCKED bit can be cleared and set only once; PPS registers remain loc
      +                          ked after one clear/set cycle
   645                           ;	Stack Full/Underflow Reset Enable bit
   646                           ;	STVREN = ON, Stack full/underflow will cause Reset
   647                           ;	Low Voltage Programming Enable bit
   648                           ;	LVP = ON, Low voltage programming enabled. MCLR/VPP pin function is MCLR. MCLRE config
      +                          uration bit is ignored
   649                           ;	Extended Instruction Set Enable bit
   650                           ;	XINST = OFF, Extended Instruction Set and Indexed Addressing Mode disabled
   651  300003                     	org	3145731
   652  300003  FC                 	db	252
   653                           
   654                           ;Config register CONFIG5 @ 0x300004
   655                           ;	WDT Period selection bits
   656                           ;	WDTCPS = WDTCPS_31, Divider ratio 1:65536; software control of WDTPS
   657                           ;	WDT operating mode
   658                           ;	WDTE = OFF, WDT Disabled; SWDTEN is ignored
   659  300004                     	org	3145732
   660  300004  9F                 	db	159
   661                           
   662                           ;Config register CONFIG6 @ 0x300005
   663                           ;	WDT Window Select bits
   664                           ;	WDTCWS = WDTCWS_7, window always open (100%); software control; keyed access not requi
      +                          red
   665                           ;	WDT input clock selector
   666                           ;	WDTCCS = SC, Software Control
   667  300005                     	org	3145733
   668  300005  FF                 	db	255
   669                           
   670                           ;Config register CONFIG7 @ 0x300006
   671                           ;	Boot Block Size selection bits
   672                           ;	BBSIZE = BBSIZE_512, Boot Block size is 512 words
   673                           ;	Boot Block enable bit
   674                           ;	BBEN = OFF, Boot block disabled
   675                           ;	Storage Area Flash enable bit
   676                           ;	SAFEN = OFF, SAF disabled
   677                           ;	Background Debugger
   678                           ;	DEBUG = OFF, Background Debugger disabled
   679  300006                     	org	3145734
   680  300006  FF                 	db	255
   681                           
   682                           ;Config register CONFIG8 @ 0x300007
   683                           ;	Boot Block Write Protection bit
   684                           ;	WRTB = OFF, Boot Block not Write protected
   685                           ;	Configuration Register Write Protection bit
   686                           ;	WRTC = OFF, Configuration registers not Write protected
   687                           ;	Data EEPROM Write Protection bit
   688                           ;	WRTD = OFF, Data EEPROM not Write protected
   689                           ;	SAF Write protection bit
   690                           ;	WRTSAF = OFF, SAF not Write Protected
   691                           ;	Application Block write protection bit
   692                           ;	WRTAPP = OFF, Application Block not write protected
   693  300007                     	org	3145735
   694  300007  FF                 	db	255
   695                           
   696                           ; Padding undefined space
   697  300008                     	org	3145736
   698  300008  FF                 	db	255
   699                           
   700                           ;Config register CONFIG10 @ 0x300009
   701                           ;	PFM and Data EEPROM Code Protection bit
   702                           ;	CP = OFF, PFM and Data EEPROM code protection disabled
   703  300009                     	org	3145737
   704  300009  FF                 	db	255
   705                           tosu	equ	0x4FF
   706                           tosh	equ	0x4FE
   707                           tosl	equ	0x4FD
   708                           stkptr	equ	0x4FC
   709                           pclatu	equ	0x4FB
   710                           pclath	equ	0x4FA
   711                           pcl	equ	0x4F9
   712                           tblptru	equ	0x4F8
   713                           tblptrh	equ	0x4F7
   714                           tblptrl	equ	0x4F6
   715                           tablat	equ	0x4F5
   716                           prodh	equ	0x4F4
   717                           prodl	equ	0x4F3
   718                           indf0	equ	0x4EF
   719                           postinc0	equ	0x4EE
   720                           postdec0	equ	0x4ED
   721                           preinc0	equ	0x4EC
   722                           plusw0	equ	0x4EB
   723                           fsr0h	equ	0x4EA
   724                           fsr0l	equ	0x4E9
   725                           wreg	equ	0x4E8
   726                           indf1	equ	0x4E7
   727                           postinc1	equ	0x4E6
   728                           postdec1	equ	0x4E5
   729                           preinc1	equ	0x4E4
   730                           plusw1	equ	0x4E3
   731                           fsr1h	equ	0x4E2
   732                           fsr1l	equ	0x4E1
   733                           bsr	equ	0x4E0
   734                           indf2	equ	0x4DF
   735                           postinc2	equ	0x4DE
   736                           postdec2	equ	0x4DD
   737                           preinc2	equ	0x4DC
   738                           plusw2	equ	0x4DB
   739                           fsr2h	equ	0x4DA
   740                           fsr2l	equ	0x4D9
   741                           status	equ	0x4D8

Data Sizes:
    Strings     0
    Constant    0
    Data        1
    BSS         13
    Persistent  0
    Stack       0

Auto Spaces:
    Space          Size  Autos    Used
    COMRAM           95      2      16
    BANK5           160      0       0
    BANK6           256      0       0
    BANK7           256      0       0
    BANK8           256      0       0
    BANK9           256      0       0
    BANK10          256      0       0
    BANK11          256      0       0
    BANK12          256      0       0
    BANK13          256      0       0
    BANK14          256      0       0
    BANK15          256      0       0
    BANK16          256      0       0
    BANK17          256      0       0
    BANK18          256      0       0
    BANK19          256      0       0
    BANK20          256      0       0
    BANK21          256      0       0
    BANK22          256      0       0
    BANK23          256      0       0
    BANK24          256      0       0
    BANK25          256      0       0
    BANK26          256      0       0
    BANK27          256      0       0
    BANK28          256      0       0
    BANK29          256      0       0
    BANK30          256      0       0
    BANK31          256      0       0
    BANK32          256      0       0
    BANK33          256      0       0
    BANK34          256      0       0
    BANK35          256      0       0
    BANK36          256      0       0
    BANK37          256      0       0

Pointer List with Targets:

    None.

Critical Paths under _main in COMRAM

    _main->_UserAppRun

Critical Paths under _main in BANK5

    None.

Critical Paths under _main in BANK6

    None.

Critical Paths under _main in BANK7

    None.

Critical Paths under _main in BANK8

    None.

Critical Paths under _main in BANK9

    None.

Critical Paths under _main in BANK10

    None.

Critical Paths under _main in BANK11

    None.

Critical Paths under _main in BANK12

    None.

Critical Paths under _main in BANK13

    None.

Critical Paths under _main in BANK14

    None.

Critical Paths under _main in BANK15

    None.

Critical Paths under _main in BANK16

    None.

Critical Paths under _main in BANK17

    None.

Critical Paths under _main in BANK18

    None.

Critical Paths under _main in BANK19

    None.

Critical Paths under _main in BANK20

    None.

Critical Paths under _main in BANK21

    None.

Critical Paths under _main in BANK22

    None.

Critical Paths under _main in BANK23

    None.

Critical Paths under _main in BANK24

    None.

Critical Paths under _main in BANK25

    None.

Critical Paths under _main in BANK26

    None.

Critical Paths under _main in BANK27

    None.

Critical Paths under _main in BANK28

    None.

Critical Paths under _main in BANK29

    None.

Critical Paths under _main in BANK30

    None.

Critical Paths under _main in BANK31

    None.

Critical Paths under _main in BANK32

    None.

Critical Paths under _main in BANK33

    None.

Critical Paths under _main in BANK34

    None.

Critical Paths under _main in BANK35

    None.

Critical Paths under _main in BANK36

    None.

Critical Paths under _main in BANK37

    None.

Call Graph Tables:

 ---------------------------------------------------------------------------------
 (Depth) Function   	        Calls       Base Space   Used Autos Params    Refs
 ---------------------------------------------------------------------------------
 (0) _main                                                 0     0      0       0
                         _ClockSetup
                          _GpioSetup
                       _SysTickSetup
                        _SystemSleep
                  _UserAppInitialize
                         _UserAppRun
 ---------------------------------------------------------------------------------
 (1) _UserAppRun                                           2     2      0       0
                                              0 COMRAM     2     2      0
 ---------------------------------------------------------------------------------
 (1) _UserAppInitialize                                    0     0      0       0
 ---------------------------------------------------------------------------------
 (1) _SystemSleep                                          0     0      0       0
 ---------------------------------------------------------------------------------
 (1) _SysTickSetup                                         0     0      0       0
 ---------------------------------------------------------------------------------
 (1) _GpioSetup                                            0     0      0       0
 ---------------------------------------------------------------------------------
 (1) _ClockSetup                                           0     0      0       0
 ---------------------------------------------------------------------------------
 Estimated maximum stack depth 1
 ---------------------------------------------------------------------------------

 Call Graph Graphs:

 _main (ROOT)
   _ClockSetup
   _GpioSetup
   _SysTickSetup
   _SystemSleep
   _UserAppInitialize
   _UserAppRun

 Address spaces:
Name               Size   Autos  Total    Cost      Usage
BIGRAM            20FF      0       0      71        0.0%
EEDATA             400      0       0       0        0.0%
BITBANK37          100      0       0      70        0.0%
BANK37             100      0       0      68        0.0%
BITBANK36          100      0       0      66        0.0%
BANK36             100      0       0      67        0.0%
BITBANK35          100      0       0      64        0.0%
BANK35             100      0       0      65        0.0%
BITBANK34          100      0       0      62        0.0%
BANK34             100      0       0      63        0.0%
BITBANK33          100      0       0      60        0.0%
BANK33             100      0       0      61        0.0%
BITBANK32          100      0       0      58        0.0%
BANK32             100      0       0      59        0.0%
BITBANK31          100      0       0      56        0.0%
BANK31             100      0       0      57        0.0%
BITBANK30          100      0       0      54        0.0%
BANK30             100      0       0      55        0.0%
BITBANK29          100      0       0      52        0.0%
BANK29             100      0       0      53        0.0%
BITBANK28          100      0       0      50        0.0%
BANK28             100      0       0      51        0.0%
BITBANK27          100      0       0      48        0.0%
BANK27             100      0       0      49        0.0%
BITBANK26          100      0       0      46        0.0%
BANK26             100      0       0      47        0.0%
BITBANK25          100      0       0      44        0.0%
BANK25             100      0       0      45        0.0%
BITBANK24          100      0       0      42        0.0%
BANK24             100      0       0      43        0.0%
BITBANK23          100      0       0      40        0.0%
BANK23             100      0       0      41        0.0%
BITBANK22          100      0       0      38        0.0%
BANK22             100      0       0      39        0.0%
BITBANK21          100      0       0      36        0.0%
BANK21             100      0       0      37        0.0%
BITBANK20          100      0       0      34        0.0%
BANK20             100      0       0      35        0.0%
BITBANK19          100      0       0      32        0.0%
BANK19             100      0       0      33        0.0%
BITBANK18          100      0       0      30        0.0%
BANK18             100      0       0      31        0.0%
BITBANK17          100      0       0      28        0.0%
BANK17             100      0       0      29        0.0%
BITBANK16          100      0       0      26        0.0%
BANK16             100      0       0      27        0.0%
BITBANK15          100      0       0      24        0.0%
BANK15             100      0       0      25        0.0%
BITBANK14          100      0       0      22        0.0%
BANK14             100      0       0      23        0.0%
BITBANK13          100      0       0      20        0.0%
BANK13             100      0       0      21        0.0%
BITBANK12          100      0       0      18        0.0%
BANK12             100      0       0      19        0.0%
BITBANK11          100      0       0      16        0.0%
BANK11             100      0       0      17        0.0%
BITBANK10          100      0       0      14        0.0%
BANK10             100      0       0      15        0.0%
BITBANK9           100      0       0      12        0.0%
BANK9              100      0       0      13        0.0%
BITBANK8           100      0       0      10        0.0%
BANK8              100      0       0      11        0.0%
BITBANK7           100      0       0       8        0.0%
BANK7              100      0       0       9        0.0%
BITBANK6           100      0       0       6        0.0%
BANK6              100      0       0       7        0.0%
BITBANK5            A0      0       0       4        0.0%
BANK5               A0      0       0       5        0.0%
BITCOMRAM           5F      0       0       0        0.0%
COMRAM              5F      2      10       1       16.8%
BITSFR_5             0      0       0     200        0.0%
SFR_5                0      0       0     200        0.0%
BITSFR_4             0      0       0     200        0.0%
SFR_4                0      0       0     200        0.0%
BITSFR_3             0      0       0     200        0.0%
SFR_3                0      0       0     200        0.0%
BITSFR_2             0      0       0     200        0.0%
SFR_2                0      0       0     200        0.0%
BITSFR_1             0      0       0     200        0.0%
SFR_1                0      0       0     200        0.0%
BITSFR               0      0       0     200        0.0%
SFR                  0      0       0     200        0.0%
STACK                0      0       0       2        0.0%
NULL                 0      0       0       0        0.0%
ABS                  0      0      10      69        0.0%
DATA                 0      0      10       3        0.0%
CODE                 0      0       0       0        0.0%


Microchip Technology PIC18 Macro Assembler V2.31 build 20201012212115 
Symbol Table                                                                                   Tue Feb 02 15:04:23 2021

     __size_of_SysTickSetup 0022                          l13 FF30                          l22 FF32  
                        l16 FF44                          l19 FF66                          l63 FFB4  
                        l57 FF34                          l66 FFFA                          u10 FFE6  
                        u11 FFE2                          u20 FFFA                          u21 FFF6  
                        u37 FFC4                         l742 FF36                         l750 FFD2  
                       l752 FFE6                         l770 FF46                         l754 FFEA  
                       l746 FFB0                         l748 FFBA                         l780 FF76  
                       l772 FF68                         l782 FF7A                         l774 FF6A  
                       l784 FF7E                         l776 FF6E                         l778 FF72  
                       wreg 0004E8                        _LATA 0004BE                        _main FF68  
              _SysTickSetup FF46                        start FFFC        __size_of_SystemSleep 0002  
              ___param_bank 000000                  _ClockSetup FF30                       ?_main 050E  
                     _TRISA 0004C6                       tablat 0004F5                       status 0004D8  
           __initialization FF8A                __end_of_main FF8A                      ??_main 0510  
             __activetblptr 000000                      _ANSELA 000400          __size_of_GpioSetup 0010  
               ?_ClockSetup 050E                      clear_0 FFA4                __pdataCOMRAM 0510  
                    tblptrh 0004F7                      tblptrl 0004F6                      tblptru 0004F8  
                _UserAppRun FFB0                  __accesstop 0560     __end_of__initialization FFAA  
             ___rparam_used 000001            _G_u8UserAppFlags 050D              __pcstackCOMRAM 050E  
         __end_of_GpioSetup FF46         __size_of_ClockSetup 0002                 ?_UserAppRun 050E  
             ??_SystemSleep 050E                     __Hparam 0000                     __Lparam 0000  
                   __pcinit FF8A                     __ramtop 2600                     __ptext0 FF68  
                   __ptext1 FFB0                     __ptext2 FF34                     __ptext3 FF32  
                   __ptext4 FF46                     __ptext5 FF36                     __ptext6 FF30  
      end_of_initialization FFAA            _G_u32SystemFlags 0501                     postinc0 0004EE  
       __end_of_SystemSleep FF34                ??_ClockSetup 050E         __size_of_UserAppRun 004C  
        __end_of_ClockSetup FF32               __pidataCOMRAM FF2F                   _GpioSetup FF36  
       start_initialization FF8A               ?_SysTickSetup 050E                 _SystemSleep FF32  
                ?_GpioSetup 050E                 __pbssCOMRAM 0501           _UserAppInitialize FF34  
              ??_UserAppRun 050E          ?_UserAppInitialize 050E              ??_SysTickSetup 050E  
       ??_UserAppInitialize 050E          __end_of_UserAppRun FFFC   __end_of_UserAppInitialize FF36  
               ??_GpioSetup 050E                    __Hrparam 0000                    __Lrparam 0000  
       UserAppRun@u8Counter 0510        __end_of_SysTickSetup FF68  __size_of_UserAppInitialize 0002  
             __size_of_main 0022                ?_SystemSleep 050E          _G_u32SystemTime1ms 0509  
         _G_u32SystemTime1s 0505  
